0 info it worked if it ends with ok
1 verbose cli [ '/usr/bin/node', '/usr/bin/npm', 'run', 'chami' ]
2 info using npm@3.10.10
3 info using node@v6.17.1
4 verbose run-script [ 'prechami', 'chami', 'postchami' ]
5 info lifecycle app.js@1.0.0~prechami: app.js@1.0.0
6 silly lifecycle app.js@1.0.0~prechami: no script for prechami, continuing
7 info lifecycle app.js@1.0.0~chami: app.js@1.0.0
8 verbose lifecycle app.js@1.0.0~chami: unsafe-perm in lifecycle true
9 verbose lifecycle app.js@1.0.0~chami: PATH: /usr/lib/node_modules/npm/bin/node-gyp-bin:/home/chami/SCARES-Mini-Tool/slide-replication/node_modules/.bin:/home/chami/.vscode-server/bin/ff915844119ce9485abfe8aa9076ec76b5300ddd/bin:/home/chami/.vscode-server/bin/ff915844119ce9485abfe8aa9076ec76b5300ddd/bin:/usr/local/bin:/usr/bin:/usr/local/sbin:/usr/sbin:/home/chami/.local/bin:/home/chami/bin
10 verbose lifecycle app.js@1.0.0~chami: CWD: /home/chami/SCARES-Mini-Tool/slide-replication
11 silly lifecycle app.js@1.0.0~chami: Args: [ '-c', 'USERFLAG=chami node server.js' ]
12 silly lifecycle app.js@1.0.0~chami: Returned: code: 1  signal: null
13 info lifecycle app.js@1.0.0~chami: Failed to exec chami script
14 verbose stack Error: app.js@1.0.0 chami: `USERFLAG=chami node server.js`
14 verbose stack Exit status 1
14 verbose stack     at EventEmitter.<anonymous> (/usr/lib/node_modules/npm/lib/utils/lifecycle.js:255:16)
14 verbose stack     at emitTwo (events.js:106:13)
14 verbose stack     at EventEmitter.emit (events.js:191:7)
14 verbose stack     at ChildProcess.<anonymous> (/usr/lib/node_modules/npm/lib/utils/spawn.js:40:14)
14 verbose stack     at emitTwo (events.js:106:13)
14 verbose stack     at ChildProcess.emit (events.js:191:7)
14 verbose stack     at maybeClose (internal/child_process.js:920:16)
14 verbose stack     at Process.ChildProcess._handle.onexit (internal/child_process.js:230:5)
15 verbose pkgid app.js@1.0.0
16 verbose cwd /home/chami/SCARES-Mini-Tool/slide-replication
17 error Linux 3.10.0-957.12.2.el7.x86_64
18 error argv "/usr/bin/node" "/usr/bin/npm" "run" "chami"
19 error node v6.17.1
20 error npm  v3.10.10
21 error code ELIFECYCLE
22 error app.js@1.0.0 chami: `USERFLAG=chami node server.js`
22 error Exit status 1
23 error Failed at the app.js@1.0.0 chami script 'USERFLAG=chami node server.js'.
23 error Make sure you have the latest version of node.js and npm installed.
23 error If you do, this is most likely a problem with the app.js package,
23 error not with npm itself.
23 error Tell the author that this fails on your system:
23 error     USERFLAG=chami node server.js
23 error You can get information on how to open an issue for this project with:
23 error     npm bugs app.js
23 error Or if that isn't available, you can get their info via:
23 error     npm owner ls app.js
23 error There is likely additional logging output above.
24 verbose exit [ 1, true ]
